running develop
/usr/lib/python3/dist-packages/pkg_resources/__init__.py:116: PkgResourcesDeprecationWarning: 2.22.1ubuntu1 is an invalid version and will not be supported in a future release
  warnings.warn(
Removing /home/arul/ros2_ws/src/install/my_robot_controller/lib/python3.10/site-packages/my-robot-controller.egg-link (link to .)
running egg_info
writing ../build/my_robot_controller/my_robot_controller.egg-info/PKG-INFO
writing dependency_links to ../build/my_robot_controller/my_robot_controller.egg-info/dependency_links.txt
writing entry points to ../build/my_robot_controller/my_robot_controller.egg-info/entry_points.txt
writing requirements to ../build/my_robot_controller/my_robot_controller.egg-info/requires.txt
writing top-level names to ../build/my_robot_controller/my_robot_controller.egg-info/top_level.txt
reading manifest file '../build/my_robot_controller/my_robot_controller.egg-info/SOURCES.txt'
writing manifest file '../build/my_robot_controller/my_robot_controller.egg-info/SOURCES.txt'
running build
running build_py
creating /home/arul/ros2_ws/src/build/my_robot_controller/build
creating /home/arul/ros2_ws/src/build/my_robot_controller/build/lib
creating /home/arul/ros2_ws/src/build/my_robot_controller/build/lib/my_robot_controller
copying my_robot_controller/order_manager.py -> /home/arul/ros2_ws/src/build/my_robot_controller/build/lib/my_robot_controller
copying my_robot_controller/__init__.py -> /home/arul/ros2_ws/src/build/my_robot_controller/build/lib/my_robot_controller
copying my_robot_controller/butler_launch.py -> /home/arul/ros2_ws/src/build/my_robot_controller/build/lib/my_robot_controller
copying my_robot_controller/navigation_controller.py -> /home/arul/ros2_ws/src/build/my_robot_controller/build/lib/my_robot_controller
running install
running install_lib
creating /home/arul/ros2_ws/src/install/my_robot_controller/lib/python3.10/site-packages/my_robot_controller
copying /home/arul/ros2_ws/src/build/my_robot_controller/build/lib/my_robot_controller/order_manager.py -> /home/arul/ros2_ws/src/install/my_robot_controller/lib/python3.10/site-packages/my_robot_controller
copying /home/arul/ros2_ws/src/build/my_robot_controller/build/lib/my_robot_controller/__init__.py -> /home/arul/ros2_ws/src/install/my_robot_controller/lib/python3.10/site-packages/my_robot_controller
copying /home/arul/ros2_ws/src/build/my_robot_controller/build/lib/my_robot_controller/butler_launch.py -> /home/arul/ros2_ws/src/install/my_robot_controller/lib/python3.10/site-packages/my_robot_controller
copying /home/arul/ros2_ws/src/build/my_robot_controller/build/lib/my_robot_controller/navigation_controller.py -> /home/arul/ros2_ws/src/install/my_robot_controller/lib/python3.10/site-packages/my_robot_controller
byte-compiling /home/arul/ros2_ws/src/install/my_robot_controller/lib/python3.10/site-packages/my_robot_controller/order_manager.py to order_manager.cpython-310.pyc
byte-compiling /home/arul/ros2_ws/src/install/my_robot_controller/lib/python3.10/site-packages/my_robot_controller/__init__.py to __init__.cpython-310.pyc
byte-compiling /home/arul/ros2_ws/src/install/my_robot_controller/lib/python3.10/site-packages/my_robot_controller/butler_launch.py to butler_launch.cpython-310.pyc
byte-compiling /home/arul/ros2_ws/src/install/my_robot_controller/lib/python3.10/site-packages/my_robot_controller/navigation_controller.py to navigation_controller.cpython-310.pyc
running install_data
copying resource/my_robot_controller -> /home/arul/ros2_ws/src/install/my_robot_controller/share/ament_index/resource_index/packages
copying package.xml -> /home/arul/ros2_ws/src/install/my_robot_controller/share/my_robot_controller
running install_egg_info
Copying ../build/my_robot_controller/my_robot_controller.egg-info to /home/arul/ros2_ws/src/install/my_robot_controller/lib/python3.10/site-packages/my_robot_controller-0.0.0-py3.10.egg-info
running install_scripts
Installing navigation_controller script to /home/arul/ros2_ws/src/install/my_robot_controller/lib/my_robot_controller
Installing order_manager script to /home/arul/ros2_ws/src/install/my_robot_controller/lib/my_robot_controller
writing list of installed files to '/home/arul/ros2_ws/src/build/my_robot_controller/install.log'
