[1.295s] Invoking command in '/home/arul/ros2_ws/src/build/my_robot_controller': PYTHONPATH=/home/arul/ros2_ws/src/build/my_robot_controller/prefix_override:/usr/lib/python3/dist-packages/colcon_core/task/python/colcon_distutils_commands:/home/arul/ros2_ws/src/install/my_robot_controller/lib/python3.10/site-packages:${PYTHONPATH} /usr/bin/python3 -W ignore:setup.py install is deprecated -W ignore:easy_install command is deprecated setup.py develop --uninstall --editable --build-directory /home/arul/ros2_ws/src/build/my_robot_controller/build
[1.687s] running develop
[1.808s] /usr/lib/python3/dist-packages/pkg_resources/__init__.py:116: PkgResourcesDeprecationWarning: 2.22.1ubuntu1 is an invalid version and will not be supported in a future release
[1.808s]   warnings.warn(
[1.958s] Removing /home/arul/ros2_ws/src/install/my_robot_controller/lib/python3.10/site-packages/my-robot-controller.egg-link (link to .)
[1.997s] Invoked command in '/home/arul/ros2_ws/src/build/my_robot_controller' returned '0': PYTHONPATH=/home/arul/ros2_ws/src/build/my_robot_controller/prefix_override:/usr/lib/python3/dist-packages/colcon_core/task/python/colcon_distutils_commands:/home/arul/ros2_ws/src/install/my_robot_controller/lib/python3.10/site-packages:${PYTHONPATH} /usr/bin/python3 -W ignore:setup.py install is deprecated -W ignore:easy_install command is deprecated setup.py develop --uninstall --editable --build-directory /home/arul/ros2_ws/src/build/my_robot_controller/build
[1.999s] Invoking command in '/home/arul/ros2_ws/src/my_robot_controller': PYTHONPATH=/home/arul/ros2_ws/src/build/my_robot_controller/prefix_override:/usr/lib/python3/dist-packages/colcon_core/task/python/colcon_distutils_commands:/home/arul/ros2_ws/src/install/my_robot_controller/lib/python3.10/site-packages:${PYTHONPATH} /usr/bin/python3 -W ignore:setup.py install is deprecated -W ignore:easy_install command is deprecated setup.py egg_info --egg-base ../build/my_robot_controller build --build-base /home/arul/ros2_ws/src/build/my_robot_controller/build install --record /home/arul/ros2_ws/src/build/my_robot_controller/install.log --single-version-externally-managed install_data --force
[2.322s] running egg_info
[2.323s] writing ../build/my_robot_controller/my_robot_controller.egg-info/PKG-INFO
[2.323s] writing dependency_links to ../build/my_robot_controller/my_robot_controller.egg-info/dependency_links.txt
[2.324s] writing entry points to ../build/my_robot_controller/my_robot_controller.egg-info/entry_points.txt
[2.324s] writing requirements to ../build/my_robot_controller/my_robot_controller.egg-info/requires.txt
[2.324s] writing top-level names to ../build/my_robot_controller/my_robot_controller.egg-info/top_level.txt
[2.326s] reading manifest file '../build/my_robot_controller/my_robot_controller.egg-info/SOURCES.txt'
[2.328s] writing manifest file '../build/my_robot_controller/my_robot_controller.egg-info/SOURCES.txt'
[2.328s] running build
[2.328s] running build_py
[2.328s] creating /home/arul/ros2_ws/src/build/my_robot_controller/build
[2.329s] creating /home/arul/ros2_ws/src/build/my_robot_controller/build/lib
[2.329s] creating /home/arul/ros2_ws/src/build/my_robot_controller/build/lib/my_robot_controller
[2.329s] copying my_robot_controller/order_manager.py -> /home/arul/ros2_ws/src/build/my_robot_controller/build/lib/my_robot_controller
[2.329s] copying my_robot_controller/__init__.py -> /home/arul/ros2_ws/src/build/my_robot_controller/build/lib/my_robot_controller
[2.329s] copying my_robot_controller/butler_launch.py -> /home/arul/ros2_ws/src/build/my_robot_controller/build/lib/my_robot_controller
[2.329s] copying my_robot_controller/navigation_controller.py -> /home/arul/ros2_ws/src/build/my_robot_controller/build/lib/my_robot_controller
[2.330s] running install
[2.330s] running install_lib
[2.332s] creating /home/arul/ros2_ws/src/install/my_robot_controller/lib/python3.10/site-packages/my_robot_controller
[2.332s] copying /home/arul/ros2_ws/src/build/my_robot_controller/build/lib/my_robot_controller/order_manager.py -> /home/arul/ros2_ws/src/install/my_robot_controller/lib/python3.10/site-packages/my_robot_controller
[2.332s] copying /home/arul/ros2_ws/src/build/my_robot_controller/build/lib/my_robot_controller/__init__.py -> /home/arul/ros2_ws/src/install/my_robot_controller/lib/python3.10/site-packages/my_robot_controller
[2.332s] copying /home/arul/ros2_ws/src/build/my_robot_controller/build/lib/my_robot_controller/butler_launch.py -> /home/arul/ros2_ws/src/install/my_robot_controller/lib/python3.10/site-packages/my_robot_controller
[2.332s] copying /home/arul/ros2_ws/src/build/my_robot_controller/build/lib/my_robot_controller/navigation_controller.py -> /home/arul/ros2_ws/src/install/my_robot_controller/lib/python3.10/site-packages/my_robot_controller
[2.333s] byte-compiling /home/arul/ros2_ws/src/install/my_robot_controller/lib/python3.10/site-packages/my_robot_controller/order_manager.py to order_manager.cpython-310.pyc
[2.334s] byte-compiling /home/arul/ros2_ws/src/install/my_robot_controller/lib/python3.10/site-packages/my_robot_controller/__init__.py to __init__.cpython-310.pyc
[2.334s] byte-compiling /home/arul/ros2_ws/src/install/my_robot_controller/lib/python3.10/site-packages/my_robot_controller/butler_launch.py to butler_launch.cpython-310.pyc
[2.335s] byte-compiling /home/arul/ros2_ws/src/install/my_robot_controller/lib/python3.10/site-packages/my_robot_controller/navigation_controller.py to navigation_controller.cpython-310.pyc
[2.335s] running install_data
[2.335s] copying resource/my_robot_controller -> /home/arul/ros2_ws/src/install/my_robot_controller/share/ament_index/resource_index/packages
[2.336s] copying package.xml -> /home/arul/ros2_ws/src/install/my_robot_controller/share/my_robot_controller
[2.336s] running install_egg_info
[2.338s] Copying ../build/my_robot_controller/my_robot_controller.egg-info to /home/arul/ros2_ws/src/install/my_robot_controller/lib/python3.10/site-packages/my_robot_controller-0.0.0-py3.10.egg-info
[2.339s] running install_scripts
[2.367s] Installing navigation_controller script to /home/arul/ros2_ws/src/install/my_robot_controller/lib/my_robot_controller
[2.367s] Installing order_manager script to /home/arul/ros2_ws/src/install/my_robot_controller/lib/my_robot_controller
[2.368s] writing list of installed files to '/home/arul/ros2_ws/src/build/my_robot_controller/install.log'
[2.403s] Invoked command in '/home/arul/ros2_ws/src/my_robot_controller' returned '0': PYTHONPATH=/home/arul/ros2_ws/src/build/my_robot_controller/prefix_override:/usr/lib/python3/dist-packages/colcon_core/task/python/colcon_distutils_commands:/home/arul/ros2_ws/src/install/my_robot_controller/lib/python3.10/site-packages:${PYTHONPATH} /usr/bin/python3 -W ignore:setup.py install is deprecated -W ignore:easy_install command is deprecated setup.py egg_info --egg-base ../build/my_robot_controller build --build-base /home/arul/ros2_ws/src/build/my_robot_controller/build install --record /home/arul/ros2_ws/src/build/my_robot_controller/install.log --single-version-externally-managed install_data --force
