[0.855s] Invoking command in '/home/arul/ros2_ws/src/my_robot_controller': PYTHONPATH=/home/arul/ros2_ws/src/build/my_robot_controller/prefix_override:/usr/lib/python3/dist-packages/colcon_core/task/python/colcon_distutils_commands:/home/arul/ros2_ws/src/install/my_robot_controller/lib/python3.10/site-packages:${PYTHONPATH} /usr/bin/python3 -W ignore:setup.py install is deprecated -W ignore:easy_install command is deprecated setup.py egg_info --egg-base ../build/my_robot_controller build --build-base /home/arul/ros2_ws/src/build/my_robot_controller/build install --record /home/arul/ros2_ws/src/build/my_robot_controller/install.log --single-version-externally-managed install_data
[1.206s] running egg_info
[1.207s] writing ../build/my_robot_controller/my_robot_controller.egg-info/PKG-INFO
[1.207s] writing dependency_links to ../build/my_robot_controller/my_robot_controller.egg-info/dependency_links.txt
[1.208s] writing entry points to ../build/my_robot_controller/my_robot_controller.egg-info/entry_points.txt
[1.208s] writing requirements to ../build/my_robot_controller/my_robot_controller.egg-info/requires.txt
[1.208s] writing top-level names to ../build/my_robot_controller/my_robot_controller.egg-info/top_level.txt
[1.211s] reading manifest file '../build/my_robot_controller/my_robot_controller.egg-info/SOURCES.txt'
[1.212s] writing manifest file '../build/my_robot_controller/my_robot_controller.egg-info/SOURCES.txt'
[1.212s] running build
[1.212s] running build_py
[1.213s] running install
[1.213s] running install_lib
[1.215s] running install_data
[1.215s] running install_egg_info
[1.217s] removing '/home/arul/ros2_ws/src/install/my_robot_controller/lib/python3.10/site-packages/my_robot_controller-0.0.0-py3.10.egg-info' (and everything under it)
[1.218s] Copying ../build/my_robot_controller/my_robot_controller.egg-info to /home/arul/ros2_ws/src/install/my_robot_controller/lib/python3.10/site-packages/my_robot_controller-0.0.0-py3.10.egg-info
[1.219s] running install_scripts
[1.249s] Installing navigation_controller script to /home/arul/ros2_ws/src/install/my_robot_controller/lib/my_robot_controller
[1.250s] Installing order_manager script to /home/arul/ros2_ws/src/install/my_robot_controller/lib/my_robot_controller
[1.250s] writing list of installed files to '/home/arul/ros2_ws/src/build/my_robot_controller/install.log'
[1.286s] Invoked command in '/home/arul/ros2_ws/src/my_robot_controller' returned '0': PYTHONPATH=/home/arul/ros2_ws/src/build/my_robot_controller/prefix_override:/usr/lib/python3/dist-packages/colcon_core/task/python/colcon_distutils_commands:/home/arul/ros2_ws/src/install/my_robot_controller/lib/python3.10/site-packages:${PYTHONPATH} /usr/bin/python3 -W ignore:setup.py install is deprecated -W ignore:easy_install command is deprecated setup.py egg_info --egg-base ../build/my_robot_controller build --build-base /home/arul/ros2_ws/src/build/my_robot_controller/build install --record /home/arul/ros2_ws/src/build/my_robot_controller/install.log --single-version-externally-managed install_data
